<?xml version="1.0" encoding="UTF-8"?>
<testng-results total="2" passed="2" failed="0" skipped="0">
  <reporter-output>
  </reporter-output>
  <suite started-at="2020-06-16T12:02:28Z" name="Suite" finished-at="2020-06-16T12:03:01Z" duration-ms="33540">
    <groups>
    </groups>
    <test started-at="2020-06-16T12:02:28Z" name="Test1" finished-at="2020-06-16T12:02:47Z" duration-ms="18832">
      <class name="com.testyantrascripts.CompatabilityTesting">
        <test-method signature="tc_01(java.lang.String)[pri:0, instance:com.testyantrascripts.CompatabilityTesting@77f80c04]" started-at="2020-06-16T17:32:28Z" name="tc_01" finished-at="2020-06-16T17:32:47Z" duration-ms="18796" status="PASS">
          <params>
            <param index="0">
              <value>
                <![CDATA[chrome]]>
              </value>
            </param>
          </params>
          <reporter-output>
          </reporter-output>
        </test-method> <!-- tc_01 -->
      </class> <!-- com.testyantrascripts.CompatabilityTesting -->
    </test> <!-- Test1 -->
    <test started-at="2020-06-16T12:02:28Z" name="Test2" finished-at="2020-06-16T12:03:01Z" duration-ms="33540">
      <class name="com.testyantrascripts.CompatabilityTesting">
        <test-method signature="tc_01(java.lang.String)[pri:0, instance:com.testyantrascripts.CompatabilityTesting@17a7f733]" started-at="2020-06-16T17:32:28Z" name="tc_01" finished-at="2020-06-16T17:33:01Z" duration-ms="33505" status="PASS">
          <params>
            <param index="0">
              <value>
                <![CDATA[firefox]]>
              </value>
            </param>
          </params>
          <reporter-output>
          </reporter-output>
        </test-method> <!-- tc_01 -->
      </class> <!-- com.testyantrascripts.CompatabilityTesting -->
    </test> <!-- Test2 -->
  </suite> <!-- Suite -->
</testng-results>
